<?xml version="1.0" encoding="UTF-8"?>
<testsuite xmlns:xsi="http://www.w3.org/2001/XMLSchema-instance" xsi:noNamespaceSchemaLocation="https://maven.apache.org/surefire/maven-surefire-plugin/xsd/surefire-test-report.xsd" name="org.airlineticket_idea.AirlineticketIdeaApplicationTests" time="7.435" tests="3" errors="0" skipped="0" failures="0">
  <properties>
    <property name="java.specification.version" value="17"/>
    <property name="sun.cpu.isalist" value="amd64"/>
    <property name="sun.jnu.encoding" value="GBK"/>
    <property name="java.class.path" value="D:\Projects\AirlineTicket\airlineticket_idea\target\test-classes;D:\Projects\AirlineTicket\airlineticket_idea\target\classes;D:\WorkPlace\Maven\apache-maven-3.9.9\mvn_repo\org\springframework\boot\spring-boot-starter-webflux\3.0.5\spring-boot-starter-webflux-3.0.5.jar;D:\WorkPlace\Maven\apache-maven-3.9.9\mvn_repo\org\springframework\boot\spring-boot-starter\3.0.5\spring-boot-starter-3.0.5.jar;D:\WorkPlace\Maven\apache-maven-3.9.9\mvn_repo\org\springframework\boot\spring-boot\3.0.5\spring-boot-3.0.5.jar;D:\WorkPlace\Maven\apache-maven-3.9.9\mvn_repo\org\springframework\boot\spring-boot-starter-logging\3.0.5\spring-boot-starter-logging-3.0.5.jar;D:\WorkPlace\Maven\apache-maven-3.9.9\mvn_repo\ch\qos\logback\logback-classic\1.4.6\logback-classic-1.4.6.jar;D:\WorkPlace\Maven\apache-maven-3.9.9\mvn_repo\ch\qos\logback\logback-core\1.4.6\logback-core-1.4.6.jar;D:\WorkPlace\Maven\apache-maven-3.9.9\mvn_repo\org\apache\logging\log4j\log4j-to-slf4j\2.19.0\log4j-to-slf4j-2.19.0.jar;D:\WorkPlace\Maven\apache-maven-3.9.9\mvn_repo\org\apache\logging\log4j\log4j-api\2.19.0\log4j-api-2.19.0.jar;D:\WorkPlace\Maven\apache-maven-3.9.9\mvn_repo\org\slf4j\jul-to-slf4j\2.0.7\jul-to-slf4j-2.0.7.jar;D:\WorkPlace\Maven\apache-maven-3.9.9\mvn_repo\jakarta\annotation\jakarta.annotation-api\2.1.1\jakarta.annotation-api-2.1.1.jar;D:\WorkPlace\Maven\apache-maven-3.9.9\mvn_repo\org\yaml\snakeyaml\1.33\snakeyaml-1.33.jar;D:\WorkPlace\Maven\apache-maven-3.9.9\mvn_repo\org\springframework\boot\spring-boot-starter-json\3.0.5\spring-boot-starter-json-3.0.5.jar;D:\WorkPlace\Maven\apache-maven-3.9.9\mvn_repo\com\fasterxml\jackson\datatype\jackson-datatype-jdk8\2.14.2\jackson-datatype-jdk8-2.14.2.jar;D:\WorkPlace\Maven\apache-maven-3.9.9\mvn_repo\com\fasterxml\jackson\datatype\jackson-datatype-jsr310\2.14.2\jackson-datatype-jsr310-2.14.2.jar;D:\WorkPlace\Maven\apache-maven-3.9.9\mvn_repo\com\fasterxml\jackson\module\jackson-module-parameter-names\2.14.2\jackson-module-parameter-names-2.14.2.jar;D:\WorkPlace\Maven\apache-maven-3.9.9\mvn_repo\org\springframework\boot\spring-boot-starter-reactor-netty\3.0.5\spring-boot-starter-reactor-netty-3.0.5.jar;D:\WorkPlace\Maven\apache-maven-3.9.9\mvn_repo\io\projectreactor\netty\reactor-netty-http\1.1.5\reactor-netty-http-1.1.5.jar;D:\WorkPlace\Maven\apache-maven-3.9.9\mvn_repo\io\netty\netty-codec-http\4.1.90.Final\netty-codec-http-4.1.90.Final.jar;D:\WorkPlace\Maven\apache-maven-3.9.9\mvn_repo\io\netty\netty-common\4.1.90.Final\netty-common-4.1.90.Final.jar;D:\WorkPlace\Maven\apache-maven-3.9.9\mvn_repo\io\netty\netty-buffer\4.1.90.Final\netty-buffer-4.1.90.Final.jar;D:\WorkPlace\Maven\apache-maven-3.9.9\mvn_repo\io\netty\netty-transport\4.1.90.Final\netty-transport-4.1.90.Final.jar;D:\WorkPlace\Maven\apache-maven-3.9.9\mvn_repo\io\netty\netty-codec\4.1.90.Final\netty-codec-4.1.90.Final.jar;D:\WorkPlace\Maven\apache-maven-3.9.9\mvn_repo\io\netty\netty-handler\4.1.90.Final\netty-handler-4.1.90.Final.jar;D:\WorkPlace\Maven\apache-maven-3.9.9\mvn_repo\io\netty\netty-codec-http2\4.1.90.Final\netty-codec-http2-4.1.90.Final.jar;D:\WorkPlace\Maven\apache-maven-3.9.9\mvn_repo\io\netty\netty-resolver-dns\4.1.90.Final\netty-resolver-dns-4.1.90.Final.jar;D:\WorkPlace\Maven\apache-maven-3.9.9\mvn_repo\io\netty\netty-resolver\4.1.90.Final\netty-resolver-4.1.90.Final.jar;D:\WorkPlace\Maven\apache-maven-3.9.9\mvn_repo\io\netty\netty-codec-dns\4.1.90.Final\netty-codec-dns-4.1.90.Final.jar;D:\WorkPlace\Maven\apache-maven-3.9.9\mvn_repo\io\netty\netty-resolver-dns-native-macos\4.1.90.Final\netty-resolver-dns-native-macos-4.1.90.Final-osx-x86_64.jar;D:\WorkPlace\Maven\apache-maven-3.9.9\mvn_repo\io\netty\netty-resolver-dns-classes-macos\4.1.90.Final\netty-resolver-dns-classes-macos-4.1.90.Final.jar;D:\WorkPlace\Maven\apache-maven-3.9.9\mvn_repo\io\netty\netty-transport-native-epoll\4.1.90.Final\netty-transport-native-epoll-4.1.90.Final-linux-x86_64.jar;D:\WorkPlace\Maven\apache-maven-3.9.9\mvn_repo\io\netty\netty-transport-native-unix-common\4.1.90.Final\netty-transport-native-unix-common-4.1.90.Final.jar;D:\WorkPlace\Maven\apache-maven-3.9.9\mvn_repo\io\netty\netty-transport-classes-epoll\4.1.90.Final\netty-transport-classes-epoll-4.1.90.Final.jar;D:\WorkPlace\Maven\apache-maven-3.9.9\mvn_repo\io\projectreactor\netty\reactor-netty-core\1.1.5\reactor-netty-core-1.1.5.jar;D:\WorkPlace\Maven\apache-maven-3.9.9\mvn_repo\io\netty\netty-handler-proxy\4.1.90.Final\netty-handler-proxy-4.1.90.Final.jar;D:\WorkPlace\Maven\apache-maven-3.9.9\mvn_repo\io\netty\netty-codec-socks\4.1.90.Final\netty-codec-socks-4.1.90.Final.jar;D:\WorkPlace\Maven\apache-maven-3.9.9\mvn_repo\org\springframework\spring-web\6.0.7\spring-web-6.0.7.jar;D:\WorkPlace\Maven\apache-maven-3.9.9\mvn_repo\org\springframework\spring-beans\6.0.7\spring-beans-6.0.7.jar;D:\WorkPlace\Maven\apache-maven-3.9.9\mvn_repo\io\micrometer\micrometer-observation\1.10.5\micrometer-observation-1.10.5.jar;D:\WorkPlace\Maven\apache-maven-3.9.9\mvn_repo\io\micrometer\micrometer-commons\1.10.5\micrometer-commons-1.10.5.jar;D:\WorkPlace\Maven\apache-maven-3.9.9\mvn_repo\org\springframework\spring-webflux\6.0.7\spring-webflux-6.0.7.jar;D:\WorkPlace\Maven\apache-maven-3.9.9\mvn_repo\io\projectreactor\reactor-core\3.5.4\reactor-core-3.5.4.jar;D:\WorkPlace\Maven\apache-maven-3.9.9\mvn_repo\org\reactivestreams\reactive-streams\1.0.4\reactive-streams-1.0.4.jar;D:\WorkPlace\Maven\apache-maven-3.9.9\mvn_repo\org\springframework\boot\spring-boot-starter-web\3.0.5\spring-boot-starter-web-3.0.5.jar;D:\WorkPlace\Maven\apache-maven-3.9.9\mvn_repo\org\springframework\boot\spring-boot-starter-tomcat\3.0.5\spring-boot-starter-tomcat-3.0.5.jar;D:\WorkPlace\Maven\apache-maven-3.9.9\mvn_repo\org\apache\tomcat\embed\tomcat-embed-core\10.1.7\tomcat-embed-core-10.1.7.jar;D:\WorkPlace\Maven\apache-maven-3.9.9\mvn_repo\org\apache\tomcat\embed\tomcat-embed-el\10.1.7\tomcat-embed-el-10.1.7.jar;D:\WorkPlace\Maven\apache-maven-3.9.9\mvn_repo\org\apache\tomcat\embed\tomcat-embed-websocket\10.1.7\tomcat-embed-websocket-10.1.7.jar;D:\WorkPlace\Maven\apache-maven-3.9.9\mvn_repo\org\springframework\spring-webmvc\6.0.7\spring-webmvc-6.0.7.jar;D:\WorkPlace\Maven\apache-maven-3.9.9\mvn_repo\org\springframework\spring-context\6.0.7\spring-context-6.0.7.jar;D:\WorkPlace\Maven\apache-maven-3.9.9\mvn_repo\org\springframework\spring-expression\6.0.7\spring-expression-6.0.7.jar;D:\WorkPlace\Maven\apache-maven-3.9.9\mvn_repo\com\baomidou\mybatis-plus-boot-starter\3.5.3.1\mybatis-plus-boot-starter-3.5.3.1.jar;D:\WorkPlace\Maven\apache-maven-3.9.9\mvn_repo\com\baomidou\mybatis-plus\3.5.3.1\mybatis-plus-3.5.3.1.jar;D:\WorkPlace\Maven\apache-maven-3.9.9\mvn_repo\com\baomidou\mybatis-plus-extension\3.5.3.1\mybatis-plus-extension-3.5.3.1.jar;D:\WorkPlace\Maven\apache-maven-3.9.9\mvn_repo\com\baomidou\mybatis-plus-core\3.5.3.1\mybatis-plus-core-3.5.3.1.jar;D:\WorkPlace\Maven\apache-maven-3.9.9\mvn_repo\com\baomidou\mybatis-plus-annotation\3.5.3.1\mybatis-plus-annotation-3.5.3.1.jar;D:\WorkPlace\Maven\apache-maven-3.9.9\mvn_repo\com\github\jsqlparser\jsqlparser\4.4\jsqlparser-4.4.jar;D:\WorkPlace\Maven\apache-maven-3.9.9\mvn_repo\org\mybatis\mybatis\3.5.10\mybatis-3.5.10.jar;D:\WorkPlace\Maven\apache-maven-3.9.9\mvn_repo\org\mybatis\mybatis-spring\2.0.7\mybatis-spring-2.0.7.jar;D:\WorkPlace\Maven\apache-maven-3.9.9\mvn_repo\org\springframework\boot\spring-boot-autoconfigure\3.0.5\spring-boot-autoconfigure-3.0.5.jar;D:\WorkPlace\Maven\apache-maven-3.9.9\mvn_repo\org\springframework\boot\spring-boot-starter-jdbc\3.0.5\spring-boot-starter-jdbc-3.0.5.jar;D:\WorkPlace\Maven\apache-maven-3.9.9\mvn_repo\com\zaxxer\HikariCP\5.0.1\HikariCP-5.0.1.jar;D:\WorkPlace\Maven\apache-maven-3.9.9\mvn_repo\org\springframework\spring-jdbc\6.0.7\spring-jdbc-6.0.7.jar;D:\WorkPlace\Maven\apache-maven-3.9.9\mvn_repo\org\springframework\spring-tx\6.0.7\spring-tx-6.0.7.jar;D:\WorkPlace\Maven\apache-maven-3.9.9\mvn_repo\com\alibaba\druid-spring-boot-3-starter\1.2.23\druid-spring-boot-3-starter-1.2.23.jar;D:\WorkPlace\Maven\apache-maven-3.9.9\mvn_repo\com\alibaba\druid\1.2.23\druid-1.2.23.jar;D:\WorkPlace\Maven\apache-maven-3.9.9\mvn_repo\org\slf4j\slf4j-api\2.0.7\slf4j-api-2.0.7.jar;D:\WorkPlace\Maven\apache-maven-3.9.9\mvn_repo\mysql\mysql-connector-java\8.0.28\mysql-connector-java-8.0.28.jar;D:\WorkPlace\Maven\apache-maven-3.9.9\mvn_repo\com\google\protobuf\protobuf-java\3.11.4\protobuf-java-3.11.4.jar;D:\WorkPlace\Maven\apache-maven-3.9.9\mvn_repo\org\projectlombok\lombok\1.18.28\lombok-1.18.28.jar;D:\WorkPlace\Maven\apache-maven-3.9.9\mvn_repo\org\springframework\boot\spring-boot-starter-aop\3.0.5\spring-boot-starter-aop-3.0.5.jar;D:\WorkPlace\Maven\apache-maven-3.9.9\mvn_repo\org\springframework\spring-aop\6.0.7\spring-aop-6.0.7.jar;D:\WorkPlace\Maven\apache-maven-3.9.9\mvn_repo\org\aspectj\aspectjweaver\1.9.19\aspectjweaver-1.9.19.jar;D:\WorkPlace\Maven\apache-maven-3.9.9\mvn_repo\org\springframework\boot\spring-boot-starter-test\3.0.5\spring-boot-starter-test-3.0.5.jar;D:\WorkPlace\Maven\apache-maven-3.9.9\mvn_repo\org\springframework\boot\spring-boot-test\3.0.5\spring-boot-test-3.0.5.jar;D:\WorkPlace\Maven\apache-maven-3.9.9\mvn_repo\org\springframework\boot\spring-boot-test-autoconfigure\3.0.5\spring-boot-test-autoconfigure-3.0.5.jar;D:\WorkPlace\Maven\apache-maven-3.9.9\mvn_repo\com\jayway\jsonpath\json-path\2.7.0\json-path-2.7.0.jar;D:\WorkPlace\Maven\apache-maven-3.9.9\mvn_repo\net\minidev\json-smart\2.4.10\json-smart-2.4.10.jar;D:\WorkPlace\Maven\apache-maven-3.9.9\mvn_repo\net\minidev\accessors-smart\2.4.9\accessors-smart-2.4.9.jar;D:\WorkPlace\Maven\apache-maven-3.9.9\mvn_repo\org\ow2\asm\asm\9.3\asm-9.3.jar;D:\WorkPlace\Maven\apache-maven-3.9.9\mvn_repo\jakarta\xml\bind\jakarta.xml.bind-api\4.0.0\jakarta.xml.bind-api-4.0.0.jar;D:\WorkPlace\Maven\apache-maven-3.9.9\mvn_repo\jakarta\activation\jakarta.activation-api\2.1.1\jakarta.activation-api-2.1.1.jar;D:\WorkPlace\Maven\apache-maven-3.9.9\mvn_repo\org\assertj\assertj-core\3.23.1\assertj-core-3.23.1.jar;D:\WorkPlace\Maven\apache-maven-3.9.9\mvn_repo\net\bytebuddy\byte-buddy\1.12.23\byte-buddy-1.12.23.jar;D:\WorkPlace\Maven\apache-maven-3.9.9\mvn_repo\org\hamcrest\hamcrest\2.2\hamcrest-2.2.jar;D:\WorkPlace\Maven\apache-maven-3.9.9\mvn_repo\org\junit\jupiter\junit-jupiter\5.9.2\junit-jupiter-5.9.2.jar;D:\WorkPlace\Maven\apache-maven-3.9.9\mvn_repo\org\junit\jupiter\junit-jupiter-api\5.9.2\junit-jupiter-api-5.9.2.jar;D:\WorkPlace\Maven\apache-maven-3.9.9\mvn_repo\org\opentest4j\opentest4j\1.2.0\opentest4j-1.2.0.jar;D:\WorkPlace\Maven\apache-maven-3.9.9\mvn_repo\org\junit\platform\junit-platform-commons\1.9.2\junit-platform-commons-1.9.2.jar;D:\WorkPlace\Maven\apache-maven-3.9.9\mvn_repo\org\apiguardian\apiguardian-api\1.1.2\apiguardian-api-1.1.2.jar;D:\WorkPlace\Maven\apache-maven-3.9.9\mvn_repo\org\junit\jupiter\junit-jupiter-params\5.9.2\junit-jupiter-params-5.9.2.jar;D:\WorkPlace\Maven\apache-maven-3.9.9\mvn_repo\org\junit\jupiter\junit-jupiter-engine\5.9.2\junit-jupiter-engine-5.9.2.jar;D:\WorkPlace\Maven\apache-maven-3.9.9\mvn_repo\org\junit\platform\junit-platform-engine\1.9.2\junit-platform-engine-1.9.2.jar;D:\WorkPlace\Maven\apache-maven-3.9.9\mvn_repo\org\mockito\mockito-core\4.8.1\mockito-core-4.8.1.jar;D:\WorkPlace\Maven\apache-maven-3.9.9\mvn_repo\net\bytebuddy\byte-buddy-agent\1.12.23\byte-buddy-agent-1.12.23.jar;D:\WorkPlace\Maven\apache-maven-3.9.9\mvn_repo\org\objenesis\objenesis\3.2\objenesis-3.2.jar;D:\WorkPlace\Maven\apache-maven-3.9.9\mvn_repo\org\mockito\mockito-junit-jupiter\4.8.1\mockito-junit-jupiter-4.8.1.jar;D:\WorkPlace\Maven\apache-maven-3.9.9\mvn_repo\org\skyscreamer\jsonassert\1.5.1\jsonassert-1.5.1.jar;D:\WorkPlace\Maven\apache-maven-3.9.9\mvn_repo\com\vaadin\external\google\android-json\0.0.20131108.vaadin1\android-json-0.0.20131108.vaadin1.jar;D:\WorkPlace\Maven\apache-maven-3.9.9\mvn_repo\org\springframework\spring-core\6.0.7\spring-core-6.0.7.jar;D:\WorkPlace\Maven\apache-maven-3.9.9\mvn_repo\org\springframework\spring-jcl\6.0.7\spring-jcl-6.0.7.jar;D:\WorkPlace\Maven\apache-maven-3.9.9\mvn_repo\org\springframework\spring-test\6.0.7\spring-test-6.0.7.jar;D:\WorkPlace\Maven\apache-maven-3.9.9\mvn_repo\org\xmlunit\xmlunit-core\2.9.1\xmlunit-core-2.9.1.jar;D:\WorkPlace\Maven\apache-maven-3.9.9\mvn_repo\io\jsonwebtoken\jjwt\0.9.1\jjwt-0.9.1.jar;D:\WorkPlace\Maven\apache-maven-3.9.9\mvn_repo\com\fasterxml\jackson\core\jackson-databind\2.14.2\jackson-databind-2.14.2.jar;D:\WorkPlace\Maven\apache-maven-3.9.9\mvn_repo\com\fasterxml\jackson\core\jackson-annotations\2.14.2\jackson-annotations-2.14.2.jar;D:\WorkPlace\Maven\apache-maven-3.9.9\mvn_repo\com\fasterxml\jackson\core\jackson-core\2.14.2\jackson-core-2.14.2.jar;D:\WorkPlace\Maven\apache-maven-3.9.9\mvn_repo\javax\xml\bind\jaxb-api\2.3.0\jaxb-api-2.3.0.jar;D:\WorkPlace\Maven\apache-maven-3.9.9\mvn_repo\com\h2database\h2\1.4.200\h2-1.4.200.jar;"/>
    <property name="java.vm.vendor" value="Oracle Corporation"/>
    <property name="sun.arch.data.model" value="64"/>
    <property name="user.variant" value=""/>
    <property name="java.vendor.url" value="https://java.oracle.com/"/>
    <property name="user.timezone" value="Asia/Shanghai"/>
    <property name="os.name" value="Windows 11"/>
    <property name="java.vm.specification.version" value="17"/>
    <property name="sun.java.launcher" value="SUN_STANDARD"/>
    <property name="user.country" value="CN"/>
    <property name="sun.boot.library.path" value="D:\WorkPlace\Java\jdk-17\bin"/>
    <property name="sun.java.command" value="C:\Users\35461\AppData\Local\Temp\surefire12020642156439361106\surefirebooter12438550721036098696.jar C:\Users\35461\AppData\Local\Temp\surefire12020642156439361106 2025-05-23T19-04-33_777-jvmRun1 surefire10543467837086404179tmp surefire_04253278514838962069tmp"/>
    <property name="jdk.debug" value="release"/>
    <property name="surefire.test.class.path" value="D:\Projects\AirlineTicket\airlineticket_idea\target\test-classes;D:\Projects\AirlineTicket\airlineticket_idea\target\classes;D:\WorkPlace\Maven\apache-maven-3.9.9\mvn_repo\org\springframework\boot\spring-boot-starter-webflux\3.0.5\spring-boot-starter-webflux-3.0.5.jar;D:\WorkPlace\Maven\apache-maven-3.9.9\mvn_repo\org\springframework\boot\spring-boot-starter\3.0.5\spring-boot-starter-3.0.5.jar;D:\WorkPlace\Maven\apache-maven-3.9.9\mvn_repo\org\springframework\boot\spring-boot\3.0.5\spring-boot-3.0.5.jar;D:\WorkPlace\Maven\apache-maven-3.9.9\mvn_repo\org\springframework\boot\spring-boot-starter-logging\3.0.5\spring-boot-starter-logging-3.0.5.jar;D:\WorkPlace\Maven\apache-maven-3.9.9\mvn_repo\ch\qos\logback\logback-classic\1.4.6\logback-classic-1.4.6.jar;D:\WorkPlace\Maven\apache-maven-3.9.9\mvn_repo\ch\qos\logback\logback-core\1.4.6\logback-core-1.4.6.jar;D:\WorkPlace\Maven\apache-maven-3.9.9\mvn_repo\org\apache\logging\log4j\log4j-to-slf4j\2.19.0\log4j-to-slf4j-2.19.0.jar;D:\WorkPlace\Maven\apache-maven-3.9.9\mvn_repo\org\apache\logging\log4j\log4j-api\2.19.0\log4j-api-2.19.0.jar;D:\WorkPlace\Maven\apache-maven-3.9.9\mvn_repo\org\slf4j\jul-to-slf4j\2.0.7\jul-to-slf4j-2.0.7.jar;D:\WorkPlace\Maven\apache-maven-3.9.9\mvn_repo\jakarta\annotation\jakarta.annotation-api\2.1.1\jakarta.annotation-api-2.1.1.jar;D:\WorkPlace\Maven\apache-maven-3.9.9\mvn_repo\org\yaml\snakeyaml\1.33\snakeyaml-1.33.jar;D:\WorkPlace\Maven\apache-maven-3.9.9\mvn_repo\org\springframework\boot\spring-boot-starter-json\3.0.5\spring-boot-starter-json-3.0.5.jar;D:\WorkPlace\Maven\apache-maven-3.9.9\mvn_repo\com\fasterxml\jackson\datatype\jackson-datatype-jdk8\2.14.2\jackson-datatype-jdk8-2.14.2.jar;D:\WorkPlace\Maven\apache-maven-3.9.9\mvn_repo\com\fasterxml\jackson\datatype\jackson-datatype-jsr310\2.14.2\jackson-datatype-jsr310-2.14.2.jar;D:\WorkPlace\Maven\apache-maven-3.9.9\mvn_repo\com\fasterxml\jackson\module\jackson-module-parameter-names\2.14.2\jackson-module-parameter-names-2.14.2.jar;D:\WorkPlace\Maven\apache-maven-3.9.9\mvn_repo\org\springframework\boot\spring-boot-starter-reactor-netty\3.0.5\spring-boot-starter-reactor-netty-3.0.5.jar;D:\WorkPlace\Maven\apache-maven-3.9.9\mvn_repo\io\projectreactor\netty\reactor-netty-http\1.1.5\reactor-netty-http-1.1.5.jar;D:\WorkPlace\Maven\apache-maven-3.9.9\mvn_repo\io\netty\netty-codec-http\4.1.90.Final\netty-codec-http-4.1.90.Final.jar;D:\WorkPlace\Maven\apache-maven-3.9.9\mvn_repo\io\netty\netty-common\4.1.90.Final\netty-common-4.1.90.Final.jar;D:\WorkPlace\Maven\apache-maven-3.9.9\mvn_repo\io\netty\netty-buffer\4.1.90.Final\netty-buffer-4.1.90.Final.jar;D:\WorkPlace\Maven\apache-maven-3.9.9\mvn_repo\io\netty\netty-transport\4.1.90.Final\netty-transport-4.1.90.Final.jar;D:\WorkPlace\Maven\apache-maven-3.9.9\mvn_repo\io\netty\netty-codec\4.1.90.Final\netty-codec-4.1.90.Final.jar;D:\WorkPlace\Maven\apache-maven-3.9.9\mvn_repo\io\netty\netty-handler\4.1.90.Final\netty-handler-4.1.90.Final.jar;D:\WorkPlace\Maven\apache-maven-3.9.9\mvn_repo\io\netty\netty-codec-http2\4.1.90.Final\netty-codec-http2-4.1.90.Final.jar;D:\WorkPlace\Maven\apache-maven-3.9.9\mvn_repo\io\netty\netty-resolver-dns\4.1.90.Final\netty-resolver-dns-4.1.90.Final.jar;D:\WorkPlace\Maven\apache-maven-3.9.9\mvn_repo\io\netty\netty-resolver\4.1.90.Final\netty-resolver-4.1.90.Final.jar;D:\WorkPlace\Maven\apache-maven-3.9.9\mvn_repo\io\netty\netty-codec-dns\4.1.90.Final\netty-codec-dns-4.1.90.Final.jar;D:\WorkPlace\Maven\apache-maven-3.9.9\mvn_repo\io\netty\netty-resolver-dns-native-macos\4.1.90.Final\netty-resolver-dns-native-macos-4.1.90.Final-osx-x86_64.jar;D:\WorkPlace\Maven\apache-maven-3.9.9\mvn_repo\io\netty\netty-resolver-dns-classes-macos\4.1.90.Final\netty-resolver-dns-classes-macos-4.1.90.Final.jar;D:\WorkPlace\Maven\apache-maven-3.9.9\mvn_repo\io\netty\netty-transport-native-epoll\4.1.90.Final\netty-transport-native-epoll-4.1.90.Final-linux-x86_64.jar;D:\WorkPlace\Maven\apache-maven-3.9.9\mvn_repo\io\netty\netty-transport-native-unix-common\4.1.90.Final\netty-transport-native-unix-common-4.1.90.Final.jar;D:\WorkPlace\Maven\apache-maven-3.9.9\mvn_repo\io\netty\netty-transport-classes-epoll\4.1.90.Final\netty-transport-classes-epoll-4.1.90.Final.jar;D:\WorkPlace\Maven\apache-maven-3.9.9\mvn_repo\io\projectreactor\netty\reactor-netty-core\1.1.5\reactor-netty-core-1.1.5.jar;D:\WorkPlace\Maven\apache-maven-3.9.9\mvn_repo\io\netty\netty-handler-proxy\4.1.90.Final\netty-handler-proxy-4.1.90.Final.jar;D:\WorkPlace\Maven\apache-maven-3.9.9\mvn_repo\io\netty\netty-codec-socks\4.1.90.Final\netty-codec-socks-4.1.90.Final.jar;D:\WorkPlace\Maven\apache-maven-3.9.9\mvn_repo\org\springframework\spring-web\6.0.7\spring-web-6.0.7.jar;D:\WorkPlace\Maven\apache-maven-3.9.9\mvn_repo\org\springframework\spring-beans\6.0.7\spring-beans-6.0.7.jar;D:\WorkPlace\Maven\apache-maven-3.9.9\mvn_repo\io\micrometer\micrometer-observation\1.10.5\micrometer-observation-1.10.5.jar;D:\WorkPlace\Maven\apache-maven-3.9.9\mvn_repo\io\micrometer\micrometer-commons\1.10.5\micrometer-commons-1.10.5.jar;D:\WorkPlace\Maven\apache-maven-3.9.9\mvn_repo\org\springframework\spring-webflux\6.0.7\spring-webflux-6.0.7.jar;D:\WorkPlace\Maven\apache-maven-3.9.9\mvn_repo\io\projectreactor\reactor-core\3.5.4\reactor-core-3.5.4.jar;D:\WorkPlace\Maven\apache-maven-3.9.9\mvn_repo\org\reactivestreams\reactive-streams\1.0.4\reactive-streams-1.0.4.jar;D:\WorkPlace\Maven\apache-maven-3.9.9\mvn_repo\org\springframework\boot\spring-boot-starter-web\3.0.5\spring-boot-starter-web-3.0.5.jar;D:\WorkPlace\Maven\apache-maven-3.9.9\mvn_repo\org\springframework\boot\spring-boot-starter-tomcat\3.0.5\spring-boot-starter-tomcat-3.0.5.jar;D:\WorkPlace\Maven\apache-maven-3.9.9\mvn_repo\org\apache\tomcat\embed\tomcat-embed-core\10.1.7\tomcat-embed-core-10.1.7.jar;D:\WorkPlace\Maven\apache-maven-3.9.9\mvn_repo\org\apache\tomcat\embed\tomcat-embed-el\10.1.7\tomcat-embed-el-10.1.7.jar;D:\WorkPlace\Maven\apache-maven-3.9.9\mvn_repo\org\apache\tomcat\embed\tomcat-embed-websocket\10.1.7\tomcat-embed-websocket-10.1.7.jar;D:\WorkPlace\Maven\apache-maven-3.9.9\mvn_repo\org\springframework\spring-webmvc\6.0.7\spring-webmvc-6.0.7.jar;D:\WorkPlace\Maven\apache-maven-3.9.9\mvn_repo\org\springframework\spring-context\6.0.7\spring-context-6.0.7.jar;D:\WorkPlace\Maven\apache-maven-3.9.9\mvn_repo\org\springframework\spring-expression\6.0.7\spring-expression-6.0.7.jar;D:\WorkPlace\Maven\apache-maven-3.9.9\mvn_repo\com\baomidou\mybatis-plus-boot-starter\3.5.3.1\mybatis-plus-boot-starter-3.5.3.1.jar;D:\WorkPlace\Maven\apache-maven-3.9.9\mvn_repo\com\baomidou\mybatis-plus\3.5.3.1\mybatis-plus-3.5.3.1.jar;D:\WorkPlace\Maven\apache-maven-3.9.9\mvn_repo\com\baomidou\mybatis-plus-extension\3.5.3.1\mybatis-plus-extension-3.5.3.1.jar;D:\WorkPlace\Maven\apache-maven-3.9.9\mvn_repo\com\baomidou\mybatis-plus-core\3.5.3.1\mybatis-plus-core-3.5.3.1.jar;D:\WorkPlace\Maven\apache-maven-3.9.9\mvn_repo\com\baomidou\mybatis-plus-annotation\3.5.3.1\mybatis-plus-annotation-3.5.3.1.jar;D:\WorkPlace\Maven\apache-maven-3.9.9\mvn_repo\com\github\jsqlparser\jsqlparser\4.4\jsqlparser-4.4.jar;D:\WorkPlace\Maven\apache-maven-3.9.9\mvn_repo\org\mybatis\mybatis\3.5.10\mybatis-3.5.10.jar;D:\WorkPlace\Maven\apache-maven-3.9.9\mvn_repo\org\mybatis\mybatis-spring\2.0.7\mybatis-spring-2.0.7.jar;D:\WorkPlace\Maven\apache-maven-3.9.9\mvn_repo\org\springframework\boot\spring-boot-autoconfigure\3.0.5\spring-boot-autoconfigure-3.0.5.jar;D:\WorkPlace\Maven\apache-maven-3.9.9\mvn_repo\org\springframework\boot\spring-boot-starter-jdbc\3.0.5\spring-boot-starter-jdbc-3.0.5.jar;D:\WorkPlace\Maven\apache-maven-3.9.9\mvn_repo\com\zaxxer\HikariCP\5.0.1\HikariCP-5.0.1.jar;D:\WorkPlace\Maven\apache-maven-3.9.9\mvn_repo\org\springframework\spring-jdbc\6.0.7\spring-jdbc-6.0.7.jar;D:\WorkPlace\Maven\apache-maven-3.9.9\mvn_repo\org\springframework\spring-tx\6.0.7\spring-tx-6.0.7.jar;D:\WorkPlace\Maven\apache-maven-3.9.9\mvn_repo\com\alibaba\druid-spring-boot-3-starter\1.2.23\druid-spring-boot-3-starter-1.2.23.jar;D:\WorkPlace\Maven\apache-maven-3.9.9\mvn_repo\com\alibaba\druid\1.2.23\druid-1.2.23.jar;D:\WorkPlace\Maven\apache-maven-3.9.9\mvn_repo\org\slf4j\slf4j-api\2.0.7\slf4j-api-2.0.7.jar;D:\WorkPlace\Maven\apache-maven-3.9.9\mvn_repo\mysql\mysql-connector-java\8.0.28\mysql-connector-java-8.0.28.jar;D:\WorkPlace\Maven\apache-maven-3.9.9\mvn_repo\com\google\protobuf\protobuf-java\3.11.4\protobuf-java-3.11.4.jar;D:\WorkPlace\Maven\apache-maven-3.9.9\mvn_repo\org\projectlombok\lombok\1.18.28\lombok-1.18.28.jar;D:\WorkPlace\Maven\apache-maven-3.9.9\mvn_repo\org\springframework\boot\spring-boot-starter-aop\3.0.5\spring-boot-starter-aop-3.0.5.jar;D:\WorkPlace\Maven\apache-maven-3.9.9\mvn_repo\org\springframework\spring-aop\6.0.7\spring-aop-6.0.7.jar;D:\WorkPlace\Maven\apache-maven-3.9.9\mvn_repo\org\aspectj\aspectjweaver\1.9.19\aspectjweaver-1.9.19.jar;D:\WorkPlace\Maven\apache-maven-3.9.9\mvn_repo\org\springframework\boot\spring-boot-starter-test\3.0.5\spring-boot-starter-test-3.0.5.jar;D:\WorkPlace\Maven\apache-maven-3.9.9\mvn_repo\org\springframework\boot\spring-boot-test\3.0.5\spring-boot-test-3.0.5.jar;D:\WorkPlace\Maven\apache-maven-3.9.9\mvn_repo\org\springframework\boot\spring-boot-test-autoconfigure\3.0.5\spring-boot-test-autoconfigure-3.0.5.jar;D:\WorkPlace\Maven\apache-maven-3.9.9\mvn_repo\com\jayway\jsonpath\json-path\2.7.0\json-path-2.7.0.jar;D:\WorkPlace\Maven\apache-maven-3.9.9\mvn_repo\net\minidev\json-smart\2.4.10\json-smart-2.4.10.jar;D:\WorkPlace\Maven\apache-maven-3.9.9\mvn_repo\net\minidev\accessors-smart\2.4.9\accessors-smart-2.4.9.jar;D:\WorkPlace\Maven\apache-maven-3.9.9\mvn_repo\org\ow2\asm\asm\9.3\asm-9.3.jar;D:\WorkPlace\Maven\apache-maven-3.9.9\mvn_repo\jakarta\xml\bind\jakarta.xml.bind-api\4.0.0\jakarta.xml.bind-api-4.0.0.jar;D:\WorkPlace\Maven\apache-maven-3.9.9\mvn_repo\jakarta\activation\jakarta.activation-api\2.1.1\jakarta.activation-api-2.1.1.jar;D:\WorkPlace\Maven\apache-maven-3.9.9\mvn_repo\org\assertj\assertj-core\3.23.1\assertj-core-3.23.1.jar;D:\WorkPlace\Maven\apache-maven-3.9.9\mvn_repo\net\bytebuddy\byte-buddy\1.12.23\byte-buddy-1.12.23.jar;D:\WorkPlace\Maven\apache-maven-3.9.9\mvn_repo\org\hamcrest\hamcrest\2.2\hamcrest-2.2.jar;D:\WorkPlace\Maven\apache-maven-3.9.9\mvn_repo\org\junit\jupiter\junit-jupiter\5.9.2\junit-jupiter-5.9.2.jar;D:\WorkPlace\Maven\apache-maven-3.9.9\mvn_repo\org\junit\jupiter\junit-jupiter-api\5.9.2\junit-jupiter-api-5.9.2.jar;D:\WorkPlace\Maven\apache-maven-3.9.9\mvn_repo\org\opentest4j\opentest4j\1.2.0\opentest4j-1.2.0.jar;D:\WorkPlace\Maven\apache-maven-3.9.9\mvn_repo\org\junit\platform\junit-platform-commons\1.9.2\junit-platform-commons-1.9.2.jar;D:\WorkPlace\Maven\apache-maven-3.9.9\mvn_repo\org\apiguardian\apiguardian-api\1.1.2\apiguardian-api-1.1.2.jar;D:\WorkPlace\Maven\apache-maven-3.9.9\mvn_repo\org\junit\jupiter\junit-jupiter-params\5.9.2\junit-jupiter-params-5.9.2.jar;D:\WorkPlace\Maven\apache-maven-3.9.9\mvn_repo\org\junit\jupiter\junit-jupiter-engine\5.9.2\junit-jupiter-engine-5.9.2.jar;D:\WorkPlace\Maven\apache-maven-3.9.9\mvn_repo\org\junit\platform\junit-platform-engine\1.9.2\junit-platform-engine-1.9.2.jar;D:\WorkPlace\Maven\apache-maven-3.9.9\mvn_repo\org\mockito\mockito-core\4.8.1\mockito-core-4.8.1.jar;D:\WorkPlace\Maven\apache-maven-3.9.9\mvn_repo\net\bytebuddy\byte-buddy-agent\1.12.23\byte-buddy-agent-1.12.23.jar;D:\WorkPlace\Maven\apache-maven-3.9.9\mvn_repo\org\objenesis\objenesis\3.2\objenesis-3.2.jar;D:\WorkPlace\Maven\apache-maven-3.9.9\mvn_repo\org\mockito\mockito-junit-jupiter\4.8.1\mockito-junit-jupiter-4.8.1.jar;D:\WorkPlace\Maven\apache-maven-3.9.9\mvn_repo\org\skyscreamer\jsonassert\1.5.1\jsonassert-1.5.1.jar;D:\WorkPlace\Maven\apache-maven-3.9.9\mvn_repo\com\vaadin\external\google\android-json\0.0.20131108.vaadin1\android-json-0.0.20131108.vaadin1.jar;D:\WorkPlace\Maven\apache-maven-3.9.9\mvn_repo\org\springframework\spring-core\6.0.7\spring-core-6.0.7.jar;D:\WorkPlace\Maven\apache-maven-3.9.9\mvn_repo\org\springframework\spring-jcl\6.0.7\spring-jcl-6.0.7.jar;D:\WorkPlace\Maven\apache-maven-3.9.9\mvn_repo\org\springframework\spring-test\6.0.7\spring-test-6.0.7.jar;D:\WorkPlace\Maven\apache-maven-3.9.9\mvn_repo\org\xmlunit\xmlunit-core\2.9.1\xmlunit-core-2.9.1.jar;D:\WorkPlace\Maven\apache-maven-3.9.9\mvn_repo\io\jsonwebtoken\jjwt\0.9.1\jjwt-0.9.1.jar;D:\WorkPlace\Maven\apache-maven-3.9.9\mvn_repo\com\fasterxml\jackson\core\jackson-databind\2.14.2\jackson-databind-2.14.2.jar;D:\WorkPlace\Maven\apache-maven-3.9.9\mvn_repo\com\fasterxml\jackson\core\jackson-annotations\2.14.2\jackson-annotations-2.14.2.jar;D:\WorkPlace\Maven\apache-maven-3.9.9\mvn_repo\com\fasterxml\jackson\core\jackson-core\2.14.2\jackson-core-2.14.2.jar;D:\WorkPlace\Maven\apache-maven-3.9.9\mvn_repo\javax\xml\bind\jaxb-api\2.3.0\jaxb-api-2.3.0.jar;D:\WorkPlace\Maven\apache-maven-3.9.9\mvn_repo\com\h2database\h2\1.4.200\h2-1.4.200.jar;"/>
    <property name="sun.cpu.endian" value="little"/>
    <property name="user.home" value="C:\Users\35461"/>
    <property name="user.language" value="zh"/>
    <property name="java.specification.vendor" value="Oracle Corporation"/>
    <property name="java.version.date" value="2024-07-16"/>
    <property name="java.home" value="D:\WorkPlace\Java\jdk-17"/>
    <property name="file.separator" value="\"/>
    <property name="basedir" value="D:\Projects\AirlineTicket\airlineticket_idea"/>
    <property name="java.vm.compressedOopsMode" value="Zero based"/>
    <property name="line.separator" value="&#10;"/>
    <property name="java.vm.specification.vendor" value="Oracle Corporation"/>
    <property name="java.specification.name" value="Java Platform API Specification"/>
    <property name="surefire.real.class.path" value="C:\Users\35461\AppData\Local\Temp\surefire12020642156439361106\surefirebooter12438550721036098696.jar"/>
    <property name="user.script" value=""/>
    <property name="sun.management.compiler" value="HotSpot 64-Bit Tiered Compilers"/>
    <property name="java.runtime.version" value="17.0.12+8-LTS-286"/>
    <property name="user.name" value="35461"/>
    <property name="path.separator" value=";"/>
    <property name="os.version" value="10.0"/>
    <property name="java.runtime.name" value="Java(TM) SE Runtime Environment"/>
    <property name="file.encoding" value="GBK"/>
    <property name="java.vm.name" value="Java HotSpot(TM) 64-Bit Server VM"/>
    <property name="localRepository" value="D:\WorkPlace\Maven\apache-maven-3.9.9\mvn_repo"/>
    <property name="java.vendor.url.bug" value="https://bugreport.java.com/bugreport/"/>
    <property name="java.io.tmpdir" value="C:\Users\35461\AppData\Local\Temp\"/>
    <property name="idea.version" value="2023.3.8"/>
    <property name="java.version" value="17.0.12"/>
    <property name="user.dir" value="D:\Projects\AirlineTicket\airlineticket_idea"/>
    <property name="os.arch" value="amd64"/>
    <property name="java.vm.specification.name" value="Java Virtual Machine Specification"/>
    <property name="sun.os.patch.level" value=""/>
    <property name="native.encoding" value="GBK"/>
    <property name="java.library.path" value="D:\WorkPlace\Java\jdk-17\bin;C:\WINDOWS\Sun\Java\bin;C:\WINDOWS\system32;C:\WINDOWS;D:\WorkPlace\python\Python3.13.2\Scripts\;D:\WorkPlace\python\Python3.13.2\;D:\VMware\bin\;D:\Windows Kits\10\Windows Performance Toolkit\;D:\Kotlin\kotlin-compiler-1.9.22\kotlinc\bin;&quot;C:\WINDOWS\system32;C:\WINDOWS;&quot;;D:\Rational Rose\common;D:\WorkPlace\nodejs\;C:\Program Files (x86)\NVIDIA Corporation\PhysX\Common;C:\Windows\System32;%MAVEN_HOME%\bin;C:\Program Files (x86)\ZeroTier\One\;D:\WorkPlace\mysql-8.0.31-winx64\bin;C:\Users\35461\AppData\Roaming\npm;D:\Tool_dev\git\Git\cmd;D:\WorkPlace\Java\jre1.8.0_431\bin;C:\WINDOWS\system32;C:\WINDOWS\System32\Wbem;C:\WINDOWS\System32\WindowsPowerShell\v1.0\;C:\WINDOWS\System32\OpenSSH\;C:\ProgramData\chocolatey\bin;D:\Tool\Xshell 8\;D:\Tool\Xftp 8\;C:\Program Files\NVIDIA Corporation\NVIDIA app\NvDLISR;C:\Program Files\Docker\Docker\resources\bin;C:\Users\35461\scoop\shims;C:\Program Files\MySQL\MySQL Shell 8.0\bin\;C:\Users\35461\AppData\Local\Microsoft\WindowsApps;D:\IDEA\IntelliJ IDEA 2023.3.8\bin;\bin;C:\Program Files (x86)\Tencent\QQGameTempest\Hall.57938\;D:\VS Code\Microsoft VS Code\bin;D:\Gradle\gradle-8.10.1\bin;C:\Users\35461\AppData\Roaming\npm;C:\Windows\System32;D:\WorkPlace\Maven\apache-maven-3.6.1\bin;D:\WorkPlace\Java\jre1.8.0_431\bin;C:\Users\35461\AppData\Local\Programs\oh-my-posh\bin;D:\Tool_dev\PyCharm Community2024.3.5\PyCharm Community Edition 2024.3.5\bin;;;."/>
    <property name="java.vm.info" value="mixed mode, sharing"/>
    <property name="java.vendor" value="Oracle Corporation"/>
    <property name="java.vm.version" value="17.0.12+8-LTS-286"/>
    <property name="sun.io.unicode.encoding" value="UnicodeLittle"/>
    <property name="java.class.version" value="61.0"/>
  </properties>
  <testcase name="testSelectWithAirport" classname="org.airlineticket_idea.AirlineticketIdeaApplicationTests" time="1.172"/>
  <testcase name="contextLoads" classname="org.airlineticket_idea.AirlineticketIdeaApplicationTests" time="0.005"/>
  <testcase name="testGetSeatId" classname="org.airlineticket_idea.AirlineticketIdeaApplicationTests" time="0.019"/>
</testsuite>